<?xml version="1.0" encoding="UTF-8"?>
<testng-results ignored="1" total="2" passed="1" failed="0" skipped="0">
  <reporter-output>
  </reporter-output>
  <suite started-at="2020-11-17T20:35:08Z" name="Login Suite" finished-at="2020-11-17T20:35:16Z" duration-ms="7889">
    <groups>
    </groups>
    <test started-at="2020-11-17T20:35:08Z" name="PositiveLoginTest" finished-at="2020-11-17T20:35:16Z" duration-ms="7889">
      <class name="com.learning.selenium.ExceptionTest">
        <test-method is-config="true" signature="initialSetUp(java.lang.String)[pri:0, instance:com.learning.selenium.ExceptionTest@400cff1a]" started-at="2020-11-17T20:35:08Z" name="initialSetUp" finished-at="2020-11-17T20:35:11Z" duration-ms="2673" status="PASS">
          <params>
            <param index="0">
              <value>
                <![CDATA[chrome]]>
              </value>
            </param>
          </params>
          <reporter-output>
          </reporter-output>
        </test-method> <!-- initialSetUp -->
        <test-method signature="fun()[pri:0, instance:com.learning.selenium.ExceptionTest@400cff1a]" started-at="2020-11-17T20:35:11Z" name="fun" finished-at="2020-11-17T20:35:16Z" duration-ms="5094" status="PASS">
          <reporter-output>
          </reporter-output>
        </test-method> <!-- fun -->
        <test-method is-config="true" signature="endTask()[pri:0, instance:com.learning.selenium.ExceptionTest@400cff1a]" started-at="2020-11-17T20:35:16Z" name="endTask" finished-at="2020-11-17T20:35:16Z" duration-ms="106" status="PASS">
          <reporter-output>
          </reporter-output>
        </test-method> <!-- endTask -->
      </class> <!-- com.learning.selenium.ExceptionTest -->
    </test> <!-- PositiveLoginTest -->
  </suite> <!-- Login Suite -->
</testng-results>
