<?xml version="1.0" encoding="UTF-8"?>
<!-- Generated by org.testng.reporters.JUnitXMLReporter -->
<testsuite ignored="1" hostname="C02SQ5UNG8WN" failures="0" tests="1" name="ErrorMessageTest1" time="9.975" errors="0" timestamp="16 Nov 2020 00:27:25 GMT">
  <testcase classname="com.learning.selenium.ErrorMessageTest" name="errormessage" time="9.972"/>
  <testcase classname="com.learning.selenium.ErrorMessageTest" name="errormess" time="0.0">
    <ignored/>
  </testcase> <!-- errormess -->
</testsuite> <!-- ErrorMessageTest1 -->
