<?xml version="1.0" encoding="UTF-8"?>
<!-- Generated by org.testng.reporters.JUnitXMLReporter -->
<testsuite ignored="1" hostname="C02SQ5UNG8WN" failures="0" tests="2" name="ErrorMessageTest" time="22.048" errors="0" timestamp="16 Nov 2020 00:27:15 GMT">
  <testcase classname="com.learning.selenium.LoginPageTest" name="login" time="11.47"/>
  <testcase classname="com.learning.selenium.ErrorMessageTest" name="errormess" time="10.554"/>
  <testcase classname="com.learning.selenium.ErrorMessageTest" name="errormessage" time="0.0">
    <ignored/>
  </testcase> <!-- errormessage -->
</testsuite> <!-- ErrorMessageTest -->
