<?xml version="1.0" encoding="UTF-8"?>
<!-- Generated by org.testng.reporters.JUnitXMLReporter -->
<testsuite ignored="1" hostname="C02SQ5UNG8WN" failures="0" tests="1" name="PositiveLoginTest" time="7.889" errors="0" timestamp="17 Nov 2020 20:35:16 GMT">
  <testcase classname="com.learning.selenium.ExceptionTest" name="fun" time="5.094"/>
  <testcase classname="com.learning.selenium.ExceptionTest" name="staleEleExcep" time="0.0">
    <ignored/>
  </testcase> <!-- staleEleExcep -->
</testsuite> <!-- PositiveLoginTest -->
