<?xml version="1.0" encoding="UTF-8"?>
<!-- Generated by org.testng.reporters.JUnitXMLReporter -->
<testsuite ignored="3" hostname="C02SQ5UNG8WN" failures="0" tests="1" name="WrongUsernameTest" time="10.79" errors="0" timestamp="16 Nov 2020 20:49:51 GMT">
  <testcase classname="com.learning.selenium.LoginPageTest" name="loginWrongUsername" time="9.622"/>
  <testcase classname="com.learning.selenium.LoginPageTest" name="loginWrongPassword" time="0.0">
    <ignored/>
  </testcase> <!-- loginWrongPassword -->
  <testcase classname="com.learning.selenium.LoginPageTest" name="loginHappyPath" time="0.0">
    <ignored/>
  </testcase> <!-- loginHappyPath -->
  <testcase classname="com.learning.selenium.LoginPageTest" name="loginHappyPath1" time="0.0">
    <ignored/>
  </testcase> <!-- loginHappyPath1 -->
</testsuite> <!-- WrongUsernameTest -->
